<?xml version="1.0" encoding="UTF-8"?>
<testsuite xmlns:xsi="http://www.w3.org/2001/XMLSchema-instance" xsi:noNamespaceSchemaLocation="https://maven.apache.org/surefire/maven-surefire-plugin/xsd/surefire-test-report-3.0.xsd" version="3.0" name="com.iescastelar.CalculadoraTest" time="0.205" tests="24" errors="0" skipped="0" failures="0">
  <properties>
    <property name="java.specification.version" value="21"/>
    <property name="sun.cpu.isalist" value="amd64"/>
    <property name="sun.jnu.encoding" value="Cp1252"/>
    <property name="java.class.path" value="C:\Users\gigin\Desktop\ED\PracGinesED\UT10-CI_CD\TUI\calculadoraDePila\target\test-classes;C:\Users\gigin\Desktop\ED\PracGinesED\UT10-CI_CD\TUI\calculadoraDePila\target\classes;C:\Users\gigin\.m2\repository\org\junit\jupiter\junit-jupiter-engine\5.11.0-M1\junit-jupiter-engine-5.11.0-M1.jar;C:\Users\gigin\.m2\repository\org\junit\platform\junit-platform-engine\1.11.0-M1\junit-platform-engine-1.11.0-M1.jar;C:\Users\gigin\.m2\repository\org\opentest4j\opentest4j\1.3.0\opentest4j-1.3.0.jar;C:\Users\gigin\.m2\repository\org\junit\platform\junit-platform-commons\1.11.0-M1\junit-platform-commons-1.11.0-M1.jar;C:\Users\gigin\.m2\repository\org\junit\jupiter\junit-jupiter-api\5.11.0-M1\junit-jupiter-api-5.11.0-M1.jar;C:\Users\gigin\.m2\repository\org\apiguardian\apiguardian-api\1.1.2\apiguardian-api-1.1.2.jar;C:\Users\gigin\.m2\repository\org\junit\jupiter\junit-jupiter-params\5.11.0-M1\junit-jupiter-params-5.11.0-M1.jar;"/>
    <property name="java.vm.vendor" value="Oracle Corporation"/>
    <property name="sun.arch.data.model" value="64"/>
    <property name="user.variant" value=""/>
    <property name="java.vendor.url" value="https://java.oracle.com/"/>
    <property name="user.timezone" value="Europe/Madrid"/>
    <property name="os.name" value="Windows 10"/>
    <property name="java.vm.specification.version" value="21"/>
    <property name="sun.java.launcher" value="SUN_STANDARD"/>
    <property name="user.country" value="ES"/>
    <property name="sun.boot.library.path" value="C:\Program Files\Java\jdk-21.0.3\bin"/>
    <property name="sun.java.command" value="C:\Users\gigin\AppData\Local\Temp\surefire7523321541954234952\surefirebooter-20240523162606075_3.jar C:\Users\gigin\AppData\Local\Temp\surefire7523321541954234952 2024-05-23T16-26-05_943-jvmRun1 surefire-20240523162606075_1tmp surefire_0-20240523162606075_2tmp"/>
    <property name="jdk.debug" value="release"/>
    <property name="surefire.test.class.path" value="C:\Users\gigin\Desktop\ED\PracGinesED\UT10-CI_CD\TUI\calculadoraDePila\target\test-classes;C:\Users\gigin\Desktop\ED\PracGinesED\UT10-CI_CD\TUI\calculadoraDePila\target\classes;C:\Users\gigin\.m2\repository\org\junit\jupiter\junit-jupiter-engine\5.11.0-M1\junit-jupiter-engine-5.11.0-M1.jar;C:\Users\gigin\.m2\repository\org\junit\platform\junit-platform-engine\1.11.0-M1\junit-platform-engine-1.11.0-M1.jar;C:\Users\gigin\.m2\repository\org\opentest4j\opentest4j\1.3.0\opentest4j-1.3.0.jar;C:\Users\gigin\.m2\repository\org\junit\platform\junit-platform-commons\1.11.0-M1\junit-platform-commons-1.11.0-M1.jar;C:\Users\gigin\.m2\repository\org\junit\jupiter\junit-jupiter-api\5.11.0-M1\junit-jupiter-api-5.11.0-M1.jar;C:\Users\gigin\.m2\repository\org\apiguardian\apiguardian-api\1.1.2\apiguardian-api-1.1.2.jar;C:\Users\gigin\.m2\repository\org\junit\jupiter\junit-jupiter-params\5.11.0-M1\junit-jupiter-params-5.11.0-M1.jar;"/>
    <property name="sun.cpu.endian" value="little"/>
    <property name="user.home" value="C:\Users\gigin"/>
    <property name="user.language" value="es"/>
    <property name="java.specification.vendor" value="Oracle Corporation"/>
    <property name="java.version.date" value="2024-04-16"/>
    <property name="java.home" value="C:\Program Files\Java\jdk-21.0.3"/>
    <property name="file.separator" value="\"/>
    <property name="basedir" value="C:\Users\gigin\Desktop\ED\PracGinesED\UT10-CI_CD\TUI\calculadoraDePila"/>
    <property name="java.vm.compressedOopsMode" value="Zero based"/>
    <property name="line.separator" value="&#10;"/>
    <property name="java.vm.specification.vendor" value="Oracle Corporation"/>
    <property name="java.specification.name" value="Java Platform API Specification"/>
    <property name="surefire.real.class.path" value="C:\Users\gigin\AppData\Local\Temp\surefire7523321541954234952\surefirebooter-20240523162606075_3.jar"/>
    <property name="user.script" value=""/>
    <property name="sun.management.compiler" value="HotSpot 64-Bit Tiered Compilers"/>
    <property name="java.runtime.version" value="21.0.3+7-LTS-152"/>
    <property name="user.name" value="GinÃ©s"/>
    <property name="stdout.encoding" value="Cp1252"/>
    <property name="path.separator" value=";"/>
    <property name="os.version" value="10.0"/>
    <property name="java.runtime.name" value="Java(TM) SE Runtime Environment"/>
    <property name="file.encoding" value="UTF-8"/>
    <property name="java.vm.name" value="Java HotSpot(TM) 64-Bit Server VM"/>
    <property name="localRepository" value="C:\Users\gigin\.m2\repository"/>
    <property name="java.vendor.url.bug" value="https://bugreport.java.com/bugreport/"/>
    <property name="java.io.tmpdir" value="C:\Users\gigin\AppData\Local\Temp\"/>
    <property name="java.version" value="21.0.3"/>
    <property name="user.dir" value="C:\Users\gigin\Desktop\ED\PracGinesED\UT10-CI_CD\TUI\calculadoraDePila"/>
    <property name="os.arch" value="amd64"/>
    <property name="java.vm.specification.name" value="Java Virtual Machine Specification"/>
    <property name="sun.os.patch.level" value=""/>
    <property name="native.encoding" value="Cp1252"/>
    <property name="java.library.path" value="C:\Program Files\Java\jdk-21.0.3\bin;C:\Windows\Sun\Java\bin;C:\Windows\system32;C:\Windows;C:\Users\gigin\bin;C:\Program Files (x86)\Git\mingw64\bin;C:\Program Files (x86)\Git\usr\local\bin;C:\Program Files (x86)\Git\usr\bin;C:\Program Files (x86)\Git\usr\bin;C:\Program Files (x86)\Git\mingw64\bin;C:\Program Files (x86)\Git\usr\bin;C:\Users\gigin\bin;C:\Program Files\Common Files\Oracle\Java\javapath;C:\mingw\mingw-w64-v10.0.0\mingw-w64-crt;C:\Windows\system32;C:\Windows;C:\Windows\System32\Wbem;C:\Windows\System32\WindowsPowerShell\v1.0;C:\Windows\System32\OpenSSH;C:\Program Files (x86)\NVIDIA Corporation\PhysX\Common;C:\Program Files\NVIDIA Corporation\NVIDIA NvDLISR;C:\Program Files\AutoFirma\AutoFirma;C:\Program Files\Docker\Docker\resources\bin;C:\Program Files\nodejs;C:\Program Files\PowerShell\7;C:\Program Files\Vagrant\bin;C:\Program Files\Java\jdk-21.0.3\bin;C:\Program Files\apache-maven-3.9.6\bin;C:\Users\gigin\AppData\Local\Programs\Python\Python312\Scripts;C:\Users\gigin\AppData\Local\Programs\Python\Python312;C:\Users\gigin\AppData\Local\Microsoft\WindowsApps;C:\Users\gigin\Downloads\john-1.9.0-jumbo-1-win64;C:\Program Files (x86)\Nmap;C:\Users\gigin\Downloads\Nmap;C:\Users\gigin\AppData\Local\Programs\Microsoft VS Code\bin;C:\Users\gigin\AppData\Roaming\npm;C:\Users\gigin\AppData\Local\Microsoft\WinGet\Packages\Rclone.Rclone_Microsoft.Winget.Source_8wekyb3d8bbwe\rclone-v1.65.2-windows-amd64;C:\Program Files\Java\jdk-21.0.3\bin;C:\Program Files (x86)\Git\usr\bin\vendor_perl;C:\Program Files (x86)\Git\usr\bin\core_perl;."/>
    <property name="java.vm.info" value="mixed mode, sharing"/>
    <property name="stderr.encoding" value="Cp1252"/>
    <property name="java.vendor" value="Oracle Corporation"/>
    <property name="java.vm.version" value="21.0.3+7-LTS-152"/>
    <property name="sun.io.unicode.encoding" value="UnicodeLittle"/>
    <property name="java.class.version" value="65.0"/>
  </properties>
  <testcase name="testSumar" classname="com.iescastelar.CalculadoraTest" time="0.035"/>
  <testcase name="testTotal" classname="com.iescastelar.CalculadoraTest" time="0.002"/>
  <testcase name="testTotal(String, float)[1]" classname="com.iescastelar.CalculadoraTest" time="0.028"/>
  <testcase name="testTotal(String, float)[2]" classname="com.iescastelar.CalculadoraTest" time="0.001"/>
  <testcase name="testTotal(String, float)[3]" classname="com.iescastelar.CalculadoraTest" time="0.002"/>
  <testcase name="testTotal(String, float)[4]" classname="com.iescastelar.CalculadoraTest" time="0.001"/>
  <testcase name="testTotal(String, float)[5]" classname="com.iescastelar.CalculadoraTest" time="0.001"/>
  <testcase name="testTotal(String, float)[6]" classname="com.iescastelar.CalculadoraTest" time="0.001"/>
  <testcase name="testTotal(String, float)[7]" classname="com.iescastelar.CalculadoraTest" time="0.001"/>
  <testcase name="testTotal(String, float)[8]" classname="com.iescastelar.CalculadoraTest" time="0.001"/>
  <testcase name="testTotal(String, float)[9]" classname="com.iescastelar.CalculadoraTest" time="0.001"/>
  <testcase name="testTotal(String, float)[10]" classname="com.iescastelar.CalculadoraTest" time="0.001"/>
  <testcase name="testTotal(String, float)[11]" classname="com.iescastelar.CalculadoraTest" time="0.001"/>
  <testcase name="testTotal(String, float)[12]" classname="com.iescastelar.CalculadoraTest" time="0.002"/>
  <testcase name="testTotal(String, float)[13]" classname="com.iescastelar.CalculadoraTest" time="0.001"/>
  <testcase name="testTotal(String, float)[14]" classname="com.iescastelar.CalculadoraTest" time="0.002"/>
  <testcase name="testTotal(String, float)[15]" classname="com.iescastelar.CalculadoraTest" time="0.002"/>
  <testcase name="testTotal(String, float)[16]" classname="com.iescastelar.CalculadoraTest" time="0.001"/>
  <testcase name="testTotal(String, float)[17]" classname="com.iescastelar.CalculadoraTest" time="0.001"/>
  <testcase name="testTotal(String, float)[18]" classname="com.iescastelar.CalculadoraTest" time="0.001"/>
  <testcase name="testTotal(String, float)[19]" classname="com.iescastelar.CalculadoraTest" time="0.001"/>
  <testcase name="testTotal(String, float)[20]" classname="com.iescastelar.CalculadoraTest" time="0.001"/>
  <testcase name="testTotal(String, float)[21]" classname="com.iescastelar.CalculadoraTest" time="0.001"/>
  <testcase name="testMultiplicar" classname="com.iescastelar.CalculadoraTest" time="0.001"/>
</testsuite>